<?xml version="1.0" encoding="UTF-8"?>
<!-- Generated by org.testng.reporters.JUnitXMLReporter -->
<testsuite ignored="0" hostname="Ravi" failures="1" tests="1" name="Test-Ng" time="58.681" errors="0" timestamp="26 Dec 2018 10:41:35 GMT">
  <testcase classname="testNg.FtestNg" name="f" time="0.019">
    <failure type="java.lang.NullPointerException">
      <![CDATA[java.lang.NullPointerException
at testNg.FtestNg.f(FtestNg.java:19)
... Removed 25 stack frames]]>
    </failure>
  </testcase> <!-- f -->
</testsuite> <!-- Test-Ng -->
