<?xml version="1.0" encoding="UTF-8"?>
<!-- Generated by org.testng.reporters.JUnitReportReporter -->
<testsuite hostname="Ravi" failures="0" tests="4" name="testNg.PriorSkip" time="0.025" errors="0" timestamp="13 Dec 2018 09:49:21 GMT" skipped="1">
  <testcase classname="testNg.PriorSkip" name="f" time="0.016"/>
  <testcase classname="testNg.PriorSkip" name="one" time="0.004"/>
  <testcase classname="testNg.PriorSkip" name="three" time="0.005"/>
  <testcase classname="testNg.PriorSkip" name="two">
    <skipped/>
  </testcase> <!-- two -->
</testsuite> <!-- testNg.PriorSkip -->
