<?xml version="1.0" encoding="UTF-8"?>
<!-- Generated by org.testng.reporters.JUnitReportReporter -->
<testsuite hostname="Ravi" failures="0" tests="4" name="com.testNg.SkipTest" time="0.031" errors="0" timestamp="29 Mar 2019 11:02:25 GMT" skipped="1">
  <testcase classname="com.testNg.SkipTest" name="f" time="0.016"/>
  <testcase classname="com.testNg.SkipTest" name="one" time="0.000"/>
  <testcase classname="com.testNg.SkipTest" name="three" time="0.015"/>
  <testcase classname="com.testNg.SkipTest" name="two">
    <skipped/>
  </testcase> <!-- two -->
</testsuite> <!-- com.testNg.SkipTest -->
