<?xml version="1.0" encoding="UTF-8"?>
<!-- Generated by org.testng.reporters.JUnitReportReporter -->
<testsuite hostname="Ravi" failures="0" tests="2" name="testNg.AnnoTest" time="0.018" errors="0" timestamp="26 Dec 2018 08:51:36 GMT" skipped="0">
  <testcase classname="testNg.AnnoTest" name="f" time="0.013"/>
  <testcase classname="testNg.AnnoTest" name="test2" time="0.005"/>
</testsuite> <!-- testNg.AnnoTest -->
