<?xml version="1.0" encoding="UTF-8"?>
<!-- Generated by org.testng.reporters.JUnitReportReporter -->
<testsuite hostname="Ravi" failures="0" tests="4" name="testNg.PriorTest" time="0.037" errors="0" timestamp="13 Dec 2018 09:51:21 GMT" skipped="0">
  <testcase classname="testNg.PriorTest" name="f" time="0.023"/>
  <testcase classname="testNg.PriorTest" name="one" time="0.003"/>
  <testcase classname="testNg.PriorTest" name="two" time="0.004"/>
  <testcase classname="testNg.PriorTest" name="three" time="0.007"/>
</testsuite> <!-- testNg.PriorTest -->
