<?xml version="1.0" encoding="UTF-8"?>
<!-- Generated by org.testng.reporters.JUnitReportReporter -->
<testsuite hostname="Ravi" failures="0" tests="1" name="com.testNg.NaukTest" time="82.334" errors="0" timestamp="26 Dec 2018 11:04:46 GMT" skipped="0">
  <testcase classname="com.testNg.NaukTest" name="f" time="82.334"/>
</testsuite> <!-- com.testNg.NaukTest -->
