<?xml version="1.0" encoding="UTF-8"?>
<!-- Generated by org.testng.reporters.JUnitReportReporter -->
<testsuite hostname="Ravi" failures="0" tests="5" name="testNg.GroupsTest" time="0.047" errors="0" timestamp="26 Dec 2018 09:03:48 GMT" skipped="0">
  <testcase classname="testNg.GroupsTest" name="byk2" time="0.004"/>
  <testcase classname="testNg.GroupsTest" name="byk1" time="0.021"/>
  <testcase classname="testNg.GroupsTest" name="car2" time="0.004"/>
  <testcase classname="testNg.GroupsTest" name="car1" time="0.004"/>
  <testcase classname="testNg.GroupsTest" name="sedancar" time="0.014"/>
</testsuite> <!-- testNg.GroupsTest -->
