<?xml version="1.0" encoding="UTF-8"?>
<!-- Generated by org.testng.reporters.JUnitReportReporter -->
<testsuite hostname="Ravi" failures="0" tests="1" name="testNg.AssertTest" time="76.888" errors="0" timestamp="26 Dec 2018 08:54:17 GMT" skipped="0">
  <testcase classname="testNg.AssertTest" name="f" time="76.888"/>
</testsuite> <!-- testNg.AssertTest -->
