<?xml version="1.0" encoding="UTF-8"?>
<!-- Generated by org.testng.reporters.JUnitReportReporter -->
<testsuite hostname="Ravi" failures="0" tests="4" name="testNg.SkipTest" time="0.024" errors="0" timestamp="13 Dec 2018 09:51:34 GMT" skipped="1">
  <testcase classname="testNg.SkipTest" name="f" time="0.017"/>
  <testcase classname="testNg.SkipTest" name="one" time="0.003"/>
  <testcase classname="testNg.SkipTest" name="three" time="0.004"/>
  <testcase classname="testNg.SkipTest" name="two">
    <skipped/>
  </testcase> <!-- two -->
</testsuite> <!-- testNg.SkipTest -->
